<?xml version="1.0" encoding="UTF-8"?>
<!-- Generated by org.testng.reporters.JUnitReportReporter -->
<testsuite hostname="LAPTOP-139EAR6L" failures="0" tests="1" name="Practice.ParameterTest" time="0.007" errors="0" timestamp="2023-04-03T10:03:23 IST" skipped="0">
  <testcase classname="Practice.ParameterTest" name="test" time="0.007"/>
  <system-out/>
</testsuite> <!-- Practice.ParameterTest -->
