<?xml version="1.0" encoding="UTF-8"?>
<!-- Generated by org.testng.reporters.JUnitReportReporter -->
<testsuite hostname="LAPTOP-139EAR6L" failures="0" tests="3" name="Practice.Test3" time="0.006" errors="0" timestamp="2023-04-01T20:35:03 IST" skipped="0">
  <testcase classname="Practice.Test3" name="Method2" time="0.002"/>
  <system-out/>
  <testcase classname="Practice.Test3" name="Method3" time="0.002"/>
  <system-out/>
  <testcase classname="Practice.Test3" name="Method1" time="0.002"/>
  <system-out/>
</testsuite> <!-- Practice.Test3 -->
